*****************************************************************
      SolidWorks Corporation - IGES Processor Status Report
*****************************************************************
=================================================================
General Information
=================================================================
Sending System Product I.D.  : cutter body scan
Receiving System Product I.D.: 
File Name                    : cutter body scan.igs
Sending System               : 3-D model generated by PolyWorks (InnovMetric Software Inc., http://www.innovmetric.com)
Preprocessor Version         : PolyWorks IGES translator v1.0
File Creation Date           : 1200123.140916
Model Creation Date          : 
Units                        : IN
Model Space Scale            : 1
Author                       : 
Organization                 : 


=================================================================
Entity Processing Information
=================================================================


=================================================================
Precision analysis of IGES file:
=================================================================
  Most prevalent number of significant digits:               7
  Highest number of significant digits:                      7
  Average number of significant digits:                6.54888
  Maximum distance to origin:                          7.46014
  Minimum distance to origin:                      0.000882571
  Effective number of significant digits:               6.9999

Some corrupted data were encountered and repaired during import


=================================================================
Entity Summary
=================================================================
-----------------------------------------------------------------
Type Name                                         Count Converted
---- ----                                         ----- ---------
128  Rational B-spline surface                    67210     67210
_________________________________________________________________


=================================================================
Result Summary
=================================================================
SolidWorks Feature Type                Count
-----------------------                -----
Solid feature(s)                       0
Surface feature(s)                     11611
Curve/Sketch feature(s)                0
--------------------------------------------
Start time: Thursday, January 23, 2020 14:52:49
Finish time: Thursday, January 23, 2020 15:34:05
Processing time: 0 days, 00 hours, 41 mins, 16 secs
