*****************************************************************
      SolidWorks Corporation - IGES Processor Status Report
*****************************************************************
=================================================================
General Information
=================================================================
Sending System Product I.D.  : ParaLogix v2.5 (May  6 2014)
Receiving System Product I.D.: ParaLogix v2.5 (May  6 2014)
File Name                    : G:\Engineering\Warner Robbins\TT90-F REV U TRAILER\PART MODLER CONVERSIONS TO IGES\Load Cell.igs
Sending System               : Part Modeler 2014 R2 (May 06 2014 14:31:26 Unicode)
Preprocessor Version         : A3DS IGES v2.5 (May  6 2014)
File Creation Date           : 20150326.142108
Model Creation Date          : 
Units                        : IN
Model Space Scale            : 1
Author                       : 
Organization                 : 


=================================================================
Entity Processing Information
=================================================================


=================================================================
Precision analysis of IGES file:
=================================================================
  Most prevalent number of significant digits:              14
  Highest number of significant digits:                     14
  Average number of significant digits:                13.7902
  Maximum distance to origin:                          12.9527
  Minimum distance to origin:                     1.83697e-016
  Effective number of significant digits:                   14


=================================================================
Entity Summary
=================================================================
-----------------------------------------------------------------
Type Name                                         Count Converted
---- ----                                         ----- ---------
100  Arc                                             32        32
102  Composite curve                                 68        68
110  Line                                           136       136
124  Transformation matrix                           32        32
126  Rational B-spline curve                        168       168
128  Rational B-spline surface                       30        30
142  Curve on a parametric surface                   34        34
144  Trimmed parametric surface                      30        30
308  Subfigure definition                             1         1
408  Singular subfigure instance                      1         1
_________________________________________________________________


=================================================================
Result Summary
=================================================================
SolidWorks Feature Type                Count
-----------------------                -----
Solid feature(s)                       1
Surface feature(s)                     0
Curve/Sketch feature(s)                0
--------------------------------------------
Start time: Thursday, March 26, 2015 14:21:15
Finish time: Thursday, March 26, 2015 14:22:00
Processing time: 0 days, 00 hours, 00 mins, 45 secs
