*****************************************************************
      SolidWorks Corporation - IGES Processor Status Report
*****************************************************************
=================================================================
General Information
=================================================================
Sending System Product I.D.  : ParaLogix v2.5 (Apr 29 2010)
Receiving System Product I.D.: ParaLogix v2.5 (Apr 29 2010)
File Name                    : G:\Engineering\Warner Robbins\TT90-F REV U TRAILER\CELL LAYOUT\RUBBER SHOCK MOUNT.igs
Sending System               : Edgecam Part Modeler 2010 R2 (Apr 29 2010 11:09:23 Unicode)
Preprocessor Version         : A3DS IGES v2.5 (Apr 29 2010)
File Creation Date           : 20110429.100152
Model Creation Date          : 
Units                        : IN
Model Space Scale            : 1
Author                       : 
Organization                 : 


=================================================================
Entity Processing Information
=================================================================


=================================================================
Precision analysis of IGES file:
=================================================================
  Most prevalent number of significant digits:              14
  Highest number of significant digits:                     14
  Average number of significant digits:                13.8806
  Maximum distance to origin:                          4.42165
  Minimum distance to origin:                          3.63005
  Effective number of significant digits:              12.9926


=================================================================
Entity Summary
=================================================================
-----------------------------------------------------------------
Type Name                                         Count Converted
---- ----                                         ----- ---------
100  Arc                                             80        80
102  Composite curve                                108       108
110  Line                                           104       104
124  Transformation matrix                           80        80
126  Rational B-spline curve                        192       192
128  Rational B-spline surface                       50        50
142  Curve on a parametric surface                   54        54
144  Trimmed parametric surface                      50        50
308  Subfigure definition                             5         5
408  Singular subfigure instance                      5         5
_________________________________________________________________


=================================================================
Result Summary
=================================================================
SolidWorks Feature Type                Count
-----------------------                -----
Solid feature(s)                       5
Surface feature(s)                     0
Curve/Sketch feature(s)                0
--------------------------------------------
Start time: Friday, April 29, 2011 10:02:51
Finish time: Friday, April 29, 2011 10:03:07
Processing time: 0 days, 00 hours, 00 mins, 16 secs
