*****************************************************************
      SolidWorks Corporation - IGES Processor Status Report
*****************************************************************
=================================================================
General Information
=================================================================
Sending System Product I.D.  : ParaLogix v2.5 (May  6 2014)
Receiving System Product I.D.: ParaLogix v2.5 (May  6 2014)
File Name                    : G:\Engineering\Warner Robbins\TT90-F REV U TRAILER\PART MODLER CONVERSIONS TO IGES\USA0006-1401 DET 5.igs
Sending System               : Part Modeler 2014 R2 (May 06 2014 14:31:26 Unicode)
Preprocessor Version         : A3DS IGES v2.5 (May  6 2014)
File Creation Date           : 20150326.150251
Model Creation Date          : 
Units                        : IN
Model Space Scale            : 1
Author                       : 
Organization                 : 


=================================================================
Entity Processing Information
=================================================================


=================================================================
Precision analysis of IGES file:
=================================================================
  Most prevalent number of significant digits:              14
  Highest number of significant digits:                     14
  Average number of significant digits:                13.8686
  Maximum distance to origin:                          76.1752
  Minimum distance to origin:                                3
  Effective number of significant digits:              13.9658


=================================================================
Entity Summary
=================================================================
-----------------------------------------------------------------
Type Name                                         Count Converted
---- ----                                         ----- ---------
100  Arc                                            120       120
102  Composite curve                                152       152
110  Line                                           148       148
124  Transformation matrix                          120       120
126  Rational B-spline curve                        284       284
128  Rational B-spline surface                       60        60
142  Curve on a parametric surface                   76        76
144  Trimmed parametric surface                      60        60
308  Subfigure definition                             1         1
408  Singular subfigure instance                      1         1
_________________________________________________________________


=================================================================
Result Summary
=================================================================
SolidWorks Feature Type                Count
-----------------------                -----
Solid feature(s)                       1
Surface feature(s)                     0
Curve/Sketch feature(s)                0
--------------------------------------------
Start time: Thursday, March 26, 2015 15:03:17
Finish time: Thursday, March 26, 2015 15:03:22
Processing time: 0 days, 00 hours, 00 mins, 05 secs
