*****************************************************************
      SolidWorks Corporation - IGES Processor Status Report
*****************************************************************
=================================================================
General Information
=================================================================
Sending System Product I.D.  : ParaLogix v2.5 (May  6 2014)
Receiving System Product I.D.: ParaLogix v2.5 (May  6 2014)
File Name                    : G:\Engineering\Warner Robbins\TT90-F REV U TRAILER\PART MODLER CONVERSIONS TO IGES\USA0006-1394-2AA PLATE.igs
Sending System               : Part Modeler 2014 R2 (May 06 2014 14:31:26 Unicode)
Preprocessor Version         : A3DS IGES v2.5 (May  6 2014)
File Creation Date           : 20150326.142305
Model Creation Date          : 
Units                        : IN
Model Space Scale            : 1
Author                       : 
Organization                 : 


=================================================================
Entity Processing Information
=================================================================


=================================================================
Precision analysis of IGES file:
=================================================================
  Most prevalent number of significant digits:              14
  Highest number of significant digits:                     14
  Average number of significant digits:                13.7104
  Maximum distance to origin:                          26.5555
  Minimum distance to origin:                                0
  Effective number of significant digits:                   14


=================================================================
Entity Summary
=================================================================
-----------------------------------------------------------------
Type Name                                         Count Converted
---- ----                                         ----- ---------
100  Arc                                             40        40
102  Composite curve                                 60        60
110  Line                                            64        64
124  Transformation matrix                           40        40
126  Rational B-spline curve                        104       104
128  Rational B-spline surface                       20        20
142  Curve on a parametric surface                   30        30
144  Trimmed parametric surface                      20        20
308  Subfigure definition                             1         1
408  Singular subfigure instance                      1         1
_________________________________________________________________


=================================================================
Result Summary
=================================================================
SolidWorks Feature Type                Count
-----------------------                -----
Solid feature(s)                       1
Surface feature(s)                     0
Curve/Sketch feature(s)                0
--------------------------------------------
Start time: Thursday, March 26, 2015 14:23:18
Finish time: Thursday, March 26, 2015 14:23:24
Processing time: 0 days, 00 hours, 00 mins, 06 secs
