*****************************************************************
      SolidWorks Corporation - IGES Processor Status Report
*****************************************************************
=================================================================
General Information
=================================================================
Sending System Product I.D.  : ParaLogix v2.5 (May  6 2014)
Receiving System Product I.D.: ParaLogix v2.5 (May  6 2014)
File Name                    : G:\Engineering\Warner Robbins\TT90-F REV U TRAILER\PART MODLER CONVERSIONS TO IGES\USA0006-1404_REV A_10-09-2009.igs
Sending System               : Part Modeler 2014 R2 (May 06 2014 14:31:26 Unicode)
Preprocessor Version         : A3DS IGES v2.5 (May  6 2014)
File Creation Date           : 20150326.151607
Model Creation Date          : 
Units                        : IN
Model Space Scale            : 1
Author                       : 
Organization                 : 


=================================================================
Entity Processing Information
=================================================================


=================================================================
Precision analysis of IGES file:
=================================================================
  Most prevalent number of significant digits:              14
  Highest number of significant digits:                     14
  Average number of significant digits:                 13.871
  Maximum distance to origin:                          93.8535
  Minimum distance to origin:                          89.1999
  Effective number of significant digits:              12.4052


=================================================================
Entity Summary
=================================================================
-----------------------------------------------------------------
Type Name                                         Count Converted
---- ----                                         ----- ---------
100  Arc                                            112       112
102  Composite curve                                240       240
104  Conic arc                                       32        32
110  Line                                           360       360
124  Transformation matrix                          145       145
126  Rational B-spline curve                        504       504
128  Rational B-spline surface                      102       102
142  Curve on a parametric surface                  120       120
144  Trimmed parametric surface                     102       102
308  Subfigure definition                             9         9
408  Singular subfigure instance                      9         9
_________________________________________________________________


=================================================================
Result Summary
=================================================================
SolidWorks Feature Type                Count
-----------------------                -----
Solid feature(s)                       9
Surface feature(s)                     0
Curve/Sketch feature(s)                0
--------------------------------------------
Start time: Thursday, March 26, 2015 15:16:15
Finish time: Thursday, March 26, 2015 15:16:22
Processing time: 0 days, 00 hours, 00 mins, 07 secs
