*****************************************************************
      SolidWorks Corporation - IGES Processor Status Report
*****************************************************************
=================================================================
General Information
=================================================================
Sending System Product I.D.  : ParaLogix v2.5 (May  6 2014)
Receiving System Product I.D.: ParaLogix v2.5 (May  6 2014)
File Name                    : G:\Engineering\Warner Robbins\TT90-F REV U TRAILER\PART MODLER CONVERSIONS TO IGES\USA0006-1429 REV BASIC.igs
Sending System               : Part Modeler 2014 R2 (May 06 2014 14:31:26 Unicode)
Preprocessor Version         : A3DS IGES v2.5 (May  6 2014)
File Creation Date           : 20150326.151710
Model Creation Date          : 
Units                        : IN
Model Space Scale            : 1
Author                       : 
Organization                 : 


=================================================================
Entity Processing Information
=================================================================


=================================================================
Precision analysis of IGES file:
=================================================================
  Most prevalent number of significant digits:              14
  Highest number of significant digits:                     14
  Average number of significant digits:                13.9386
  Maximum distance to origin:                          1.44793
  Minimum distance to origin:                         0.532502
  Effective number of significant digits:              13.6649


=================================================================
Entity Summary
=================================================================
-----------------------------------------------------------------
Type Name                                         Count Converted
---- ----                                         ----- ---------
100  Arc                                             48        48
102  Composite curve                                 60        60
110  Line                                            56        56
124  Transformation matrix                           48        48
126  Rational B-spline curve                        104       104
128  Rational B-spline surface                       26        26
142  Curve on a parametric surface                   30        30
144  Trimmed parametric surface                      26        26
308  Subfigure definition                             3         3
408  Singular subfigure instance                      3         3
_________________________________________________________________


=================================================================
Result Summary
=================================================================
SolidWorks Feature Type                Count
-----------------------                -----
Solid feature(s)                       3
Surface feature(s)                     0
Curve/Sketch feature(s)                0
--------------------------------------------
Start time: Thursday, March 26, 2015 15:17:19
Finish time: Thursday, March 26, 2015 15:17:27
Processing time: 0 days, 00 hours, 00 mins, 08 secs
